<?xml version="1.0" encoding="UTF-8"?>
<!-- Generated by org.testng.reporters.JUnitXMLReporter -->
<testsuite ignored="0" hostname="LAPTOP-UML91COD" failures="0" tests="9" name="Test" time="0.072" errors="0" timestamp="2023-09-05T16:27:21 IST">
  <testcase classname="batchexecution.simple1" name="tc1" time="0.011"/>
  <testcase classname="batchexecution.simple1" name="tc2" time="0.001"/>
  <testcase classname="batchexecution.simple1" name="tc3" time="0.001"/>
  <testcase classname="batchexecution.simple3$simple1" name="testcase1" time="0.001"/>
  <testcase classname="batchexecution.simple3$simple1" name="testcase2" time="0.001"/>
  <testcase classname="batchexecution.simple3$simple1" name="testcase3" time="0.007"/>
  <testcase classname="batchexecution.simple2$simple1" name="test1" time="0.001"/>
  <testcase classname="batchexecution.simple2$simple1" name="test2" time="0.001"/>
  <testcase classname="batchexecution.simple2$simple1" name="test3" time="0.001"/>
</testsuite> <!-- Test -->
