<?xml version="1.0" encoding="UTF-8"?>
<testng-results ignored="0" total="1" passed="1" failed="0" skipped="0">
  <reporter-output>
    <line>
      <![CDATA[==connection to database==]]>
    </line>
    <line>
      <![CDATA[==open the browser==]]>
    </line>
    <line>
      <![CDATA[==login application]]>
    </line>
    <line>
      <![CDATA[== i am main tast case]]>
    </line>
    <line>
      <![CDATA[==log out the appllication]]>
    </line>
    <line>
      <![CDATA[==close the browser==]]>
    </line>
    <line>
      <![CDATA[==disconnect the data base]]>
    </line>
  </reporter-output>
  <suite started-at="2023-09-05T16:31:03 IST" name="Default suite" finished-at="2023-09-05T16:31:03 IST" duration-ms="36">
    <groups>
    </groups>
    <test started-at="2023-09-05T16:31:03 IST" name="Default test" finished-at="2023-09-05T16:31:03 IST" duration-ms="36">
      <class name="testng.annotations_flow">
        <test-method is-config="true" signature="m1()[pri:0, instance:testng.annotations_flow@595b007d]" started-at="2023-09-05T16:31:03 IST" name="m1" finished-at="2023-09-05T16:31:03 IST" duration-ms="6" status="PASS">
          <reporter-output>
            <line>
              <![CDATA[==connection to database==]]>
            </line>
          </reporter-output>
        </test-method> <!-- m1 -->
        <test-method is-config="true" signature="m2()[pri:0, instance:testng.annotations_flow@595b007d]" started-at="2023-09-05T16:31:03 IST" name="m2" finished-at="2023-09-05T16:31:03 IST" duration-ms="0" status="PASS">
          <reporter-output>
            <line>
              <![CDATA[==open the browser==]]>
            </line>
          </reporter-output>
        </test-method> <!-- m2 -->
        <test-method is-config="true" signature="m3()[pri:0, instance:testng.annotations_flow@595b007d]" started-at="2023-09-05T16:31:03 IST" name="m3" finished-at="2023-09-05T16:31:03 IST" duration-ms="1" status="PASS">
          <reporter-output>
            <line>
              <![CDATA[==login application]]>
            </line>
          </reporter-output>
        </test-method> <!-- m3 -->
        <test-method signature="t1()[pri:0, instance:testng.annotations_flow@595b007d]" started-at="2023-09-05T16:31:03 IST" name="t1" finished-at="2023-09-05T16:31:03 IST" duration-ms="6" status="PASS">
          <reporter-output>
            <line>
              <![CDATA[== i am main tast case]]>
            </line>
          </reporter-output>
        </test-method> <!-- t1 -->
        <test-method is-config="true" signature="m4()[pri:0, instance:testng.annotations_flow@595b007d]" started-at="2023-09-05T16:31:03 IST" name="m4" finished-at="2023-09-05T16:31:03 IST" duration-ms="0" status="PASS">
          <reporter-output>
            <line>
              <![CDATA[==log out the appllication]]>
            </line>
          </reporter-output>
        </test-method> <!-- m4 -->
        <test-method is-config="true" signature="m5()[pri:0, instance:testng.annotations_flow@595b007d]" started-at="2023-09-05T16:31:03 IST" name="m5" finished-at="2023-09-05T16:31:03 IST" duration-ms="0" status="PASS">
          <reporter-output>
            <line>
              <![CDATA[==close the browser==]]>
            </line>
          </reporter-output>
        </test-method> <!-- m5 -->
        <test-method is-config="true" signature="m6()[pri:0, instance:testng.annotations_flow@595b007d]" started-at="2023-09-05T16:31:03 IST" name="m6" finished-at="2023-09-05T16:31:03 IST" duration-ms="0" status="PASS">
          <reporter-output>
            <line>
              <![CDATA[==disconnect the data base]]>
            </line>
          </reporter-output>
        </test-method> <!-- m6 -->
      </class> <!-- testng.annotations_flow -->
    </test> <!-- Default test -->
  </suite> <!-- Default suite -->
</testng-results>
